Using pre-set license
Built from '2022.1/staging' branch; Version is '2022.1.24f1 (709dddfb713f) revision 7380445'; Using compiler version '192829333'; Build Type 'Release'
OS: 'Windows 10  (10.0.19044) 64bit Professional' Language: 'ru' Physical Memory: 16292 MB
BatchMode: 1, IsHumanControllingUs: 0, StartBugReporterOnCrash: 0, Is64bit: 1, IsPro: 1

COMMAND LINE ARGUMENTS:
D:\Program Files\Unity 2022.1.24f1\Editor\Unity.exe
-adb2
-batchMode
-noUpm
-name
AssetImportWorker2
-projectPath
D:/Unity/EconomicGame
-logFile
Logs/AssetImportWorker2.log
-srvPort
59631
Successfully changed project path to: D:/Unity/EconomicGame
D:/Unity/EconomicGame
[UnityMemory] Configuration Parameters - Can be set up in boot.config
    "memorysetup-bucket-allocator-granularity=16"
    "memorysetup-bucket-allocator-bucket-count=8"
    "memorysetup-bucket-allocator-block-size=33554432"
    "memorysetup-bucket-allocator-block-count=8"
    "memorysetup-main-allocator-block-size=16777216"
    "memorysetup-thread-allocator-block-size=16777216"
    "memorysetup-gfx-main-allocator-block-size=16777216"
    "memorysetup-gfx-thread-allocator-block-size=16777216"
    "memorysetup-cache-allocator-block-size=4194304"
    "memorysetup-typetree-allocator-block-size=2097152"
    "memorysetup-profiler-bucket-allocator-granularity=16"
    "memorysetup-profiler-bucket-allocator-bucket-count=8"
    "memorysetup-profiler-bucket-allocator-block-size=33554432"
    "memorysetup-profiler-bucket-allocator-block-count=8"
    "memorysetup-profiler-allocator-block-size=16777216"
    "memorysetup-profiler-editor-allocator-block-size=1048576"
    "memorysetup-temp-allocator-size-main=16777216"
    "memorysetup-job-temp-allocator-block-size=2097152"
    "memorysetup-job-temp-allocator-block-size-background=1048576"
    "memorysetup-job-temp-allocator-reduction-small-platforms=262144"
    "memorysetup-temp-allocator-size-background-worker=32768"
    "memorysetup-temp-allocator-size-job-worker=262144"
    "memorysetup-temp-allocator-size-preload-manager=33554432"
    "memorysetup-temp-allocator-size-nav-mesh-worker=65536"
    "memorysetup-temp-allocator-size-audio-worker=65536"
    "memorysetup-temp-allocator-size-cloud-worker=32768"
    "memorysetup-temp-allocator-size-gi-baking-worker=262144"
    "memorysetup-temp-allocator-size-gfx=262144"
Refreshing native plugins compatible for Editor in 130.35 ms, found 4 plugins.
Preloading 0 native plugins for Editor in 0.00 ms.
Initialize engine version: 2022.1.24f1 (709dddfb713f)
[Subsystems] Discovering subsystems at path D:/Program Files/Unity 2022.1.24f1/Editor/Data/Resources/UnitySubsystems
[Subsystems] Discovering subsystems at path D:/Unity/EconomicGame/Assets
GfxDevice: creating device client; threaded=0; jobified=0
Direct3D:
    Version:  Direct3D 11.0 [level 11.1]
    Renderer: NVIDIA GeForce RTX 2060 SUPER (ID=0x1f06)
    Vendor:   NVIDIA
    VRAM:     8019 MB
    Driver:   31.0.15.2824
Initialize mono
Mono path[0] = 'D:/Program Files/Unity 2022.1.24f1/Editor/Data/Managed'
Mono path[1] = 'D:/Program Files/Unity 2022.1.24f1/Editor/Data/MonoBleedingEdge/lib/mono/unityjit-win32'
Mono config path = 'D:/Program Files/Unity 2022.1.24f1/Editor/Data/MonoBleedingEdge/etc'
Using monoOptions --debugger-agent=transport=dt_socket,embedding=1,server=y,suspend=n,address=127.0.0.1:56728
Begin MonoManager ReloadAssembly
Registering precompiled unity dll's ...
Register platform support module: D:/Program Files/Unity 2022.1.24f1/Editor/Data/PlaybackEngines/WindowsStandaloneSupport/UnityEditor.WindowsStandalone.Extensions.dll
Registered in 0.002619 seconds.
Native extension for WindowsStandalone target not found
Refreshing native plugins compatible for Editor in 141.50 ms, found 4 plugins.
Preloading 0 native plugins for Editor in 0.00 ms.
Mono: successfully reloaded assembly
- Completed reload, in  0.730 seconds
Domain Reload Profiling:
	ReloadAssembly (730ms)
		BeginReloadAssembly (96ms)
			ExecutionOrderSort (0ms)
			DisableScriptedObjects (0ms)
			BackupInstance (0ms)
			ReleaseScriptingObjects (0ms)
			CreateAndSetChildDomain (1ms)
		EndReloadAssembly (537ms)
			LoadAssemblies (95ms)
			RebuildTransferFunctionScriptingTraits (0ms)
			SetupTypeCache (110ms)
				TypeCache.Initialize (109ms)
					TypeCache.ScanAssembly (108ms)
				ResolveRequiredComponents (0ms)
			ReleaseScriptCaches (0ms)
			RebuildScriptCaches (29ms)
			SetupLoadedEditorAssemblies (349ms)
				LogAssemblyErrors (0ms)
				InitializePlatformSupportModulesInManaged (7ms)
				SetLoadedEditorAssemblies (8ms)
				RefreshPlugins (142ms)
				BeforeProcessingInitializeOnLoad (1ms)
				ProcessInitializeOnLoadAttributes (144ms)
				ProcessInitializeOnLoadMethodAttributes (48ms)
				AfterProcessingInitializeOnLoad (0ms)
				EditorAssembliesLoaded (0ms)
			ExecutionOrderSort2 (0ms)
			AwakeInstancesAfterBackupRestoration (0ms)
Platform modules already initialized, skipping
Registering precompiled user dll's ...
Registered in 0.007565 seconds.
Begin MonoManager ReloadAssembly
Symbol file LoadedFromMemory doesn't match image D:\Unity\EconomicGame\Library\PackageCache\com.unity.visualscripting@1.7.8\Editor\VisualScripting.Core\Dependencies\YamlDotNet\Unity.VisualScripting.YamlDotNet.dll
Symbol file LoadedFromMemory doesn't match image D:\Unity\EconomicGame\Library\PackageCache\com.unity.visualscripting@1.7.8\Editor\VisualScripting.Core\Dependencies\DotNetZip\Unity.VisualScripting.IonicZip.dll
Native extension for WindowsStandalone target not found
Refreshing native plugins compatible for Editor in 138.16 ms, found 4 plugins.
Preloading 0 native plugins for Editor in 0.00 ms.
Mono: successfully reloaded assembly
- Completed reload, in  7.858 seconds
Domain Reload Profiling:
	ReloadAssembly (7859ms)
		BeginReloadAssembly (144ms)
			ExecutionOrderSort (0ms)
			DisableScriptedObjects (6ms)
			BackupInstance (0ms)
			ReleaseScriptingObjects (0ms)
			CreateAndSetChildDomain (23ms)
		EndReloadAssembly (7514ms)
			LoadAssemblies (4731ms)
			RebuildTransferFunctionScriptingTraits (0ms)
			SetupTypeCache (861ms)
				TypeCache.Initialize (849ms)
					TypeCache.ScanAssembly (844ms)
				ResolveRequiredComponents (12ms)
			ReleaseScriptCaches (1ms)
			RebuildScriptCaches (73ms)
			SetupLoadedEditorAssemblies (1810ms)
				LogAssemblyErrors (0ms)
				InitializePlatformSupportModulesInManaged (3ms)
				SetLoadedEditorAssemblies (7ms)
				RefreshPlugins (138ms)
				BeforeProcessingInitializeOnLoad (129ms)
				ProcessInitializeOnLoadAttributes (395ms)
				ProcessInitializeOnLoadMethodAttributes (1134ms)
				AfterProcessingInitializeOnLoad (3ms)
				EditorAssembliesLoaded (0ms)
			ExecutionOrderSort2 (0ms)
			AwakeInstancesAfterBackupRestoration (8ms)
Platform modules already initialized, skipping
========================================================================
Worker process is ready to serve import requests
Launched and connected shader compiler UnityShaderCompiler.exe after 0.10 seconds
Refreshing native plugins compatible for Editor in 1.39 ms, found 4 plugins.
Preloading 0 native plugins for Editor in 0.00 ms.
Unloading 5562 Unused Serialized files (Serialized files now loaded: 0)
Unloading 40 unused Assets / (348.8 KB). Loaded Objects now: 6017.
Memory consumption went from 0.86 GB to 0.86 GB.
Total: 4.252800 ms (FindLiveObjects: 0.821100 ms CreateObjectMapping: 0.174900 ms MarkObjects: 3.092400 ms  DeleteObjects: 0.162900 ms)

AssetImportParameters requested are different than current active one (requested -> active):
  custom:video-decoder-ogg-theora: a1e56fd34408186e4bbccfd4996cb3dc -> 
  custom:container-muxer-webm: aa71ff27fc2769a1b78a27578f13a17b -> 
  custom:container-demuxer-webm: 4f35f7cbe854078d1ac9338744f61a02 -> 
  custom:video-encoder-webm-vp8: eb34c28f22e8b96e1ab97ce403110664 -> 
  custom:audio-encoder-webm-vorbis: bf7c407c2cedff20999df2af8eb42d56 -> 
  custom:framework-win-MediaFoundation: 216162199b28c13a410421893ffa2e32 -> 
  custom:container-demuxer-ogg: 62fdf1f143b41e24485cea50d1cbac27 -> 
  custom:video-decoder-webm-vp8: 9c59270c3fd7afecdb556c50c9e8de78 -> 
  custom:audio-decoder-ogg-vorbis: bf7c407c2cedff20999df2af8eb42d56 -> 
========================================================================
Received Import Request.
  Time since last request: 1125510.204250 seconds.
  path: Assets/!Assets/Sprites/addwork.png
  artifactKey: Guid(bebfd9485aed0e64889f3bdafd5388e1) Importer(815301076,1909f56bfc062723c751e8b465ee728b)
Start importing Assets/!Assets/Sprites/addwork.png using Guid(bebfd9485aed0e64889f3bdafd5388e1) Importer(815301076,1909f56bfc062723c751e8b465ee728b)  -> (artifact id: 'd1e2f30a0046af4e68fa6c4ab89d7e6f') in 0.196532 seconds 
========================================================================
Received Import Request.
  Time since last request: 556.332709 seconds.
  path: Assets/!Assets/Sprites/Pipoya RPG Tileset 32x32
  artifactKey: Guid(2af17963105b2354e8e09de188cf5a37) Importer(815301076,1909f56bfc062723c751e8b465ee728b)
Start importing Assets/!Assets/Sprites/Pipoya RPG Tileset 32x32 using Guid(2af17963105b2354e8e09de188cf5a37) Importer(815301076,1909f56bfc062723c751e8b465ee728b)  -> (artifact id: '8c22bcdaa0c38d0c1e95b6437a017ac5') in 0.006295 seconds 
========================================================================
Received Import Request.
  Time since last request: 0.047065 seconds.
  path: Assets/!Assets/Sprites/Pipoya RPG Tileset 32x32/[Base]BaseChip_pipo.png
  artifactKey: Guid(245b385c293617042a7d96326a453fc9) Importer(815301076,1909f56bfc062723c751e8b465ee728b)
Start importing Assets/!Assets/Sprites/Pipoya RPG Tileset 32x32/[Base]BaseChip_pipo.png using Guid(245b385c293617042a7d96326a453fc9) Importer(815301076,1909f56bfc062723c751e8b465ee728b)  -> (artifact id: 'e196120c6ab9006fd0811025f892edd5') in 0.057036 seconds 
========================================================================
Received Import Request.
  Time since last request: 16.794880 seconds.
  path: Assets/!Assets/Sprites/Pipoya RPG Tileset 32x32/[A]_type1
  artifactKey: Guid(6f7d3014234699142954110f76754954) Importer(815301076,1909f56bfc062723c751e8b465ee728b)
Start importing Assets/!Assets/Sprites/Pipoya RPG Tileset 32x32/[A]_type1 using Guid(6f7d3014234699142954110f76754954) Importer(815301076,1909f56bfc062723c751e8b465ee728b)  -> (artifact id: '2fd43e0abeada84fee55c5e5fe83c89c') in 0.006344 seconds 
========================================================================
Received Import Request.
  Time since last request: 0.065777 seconds.
  path: Assets/!Assets/Sprites/Pipoya RPG Tileset 32x32/[A]_type1/[A]Dirt1-Dirt2_pipo.png
  artifactKey: Guid(0ee1f328368fc11479feee0a4e6e02bb) Importer(815301076,1909f56bfc062723c751e8b465ee728b)
Start importing Assets/!Assets/Sprites/Pipoya RPG Tileset 32x32/[A]_type1/[A]Dirt1-Dirt2_pipo.png using Guid(0ee1f328368fc11479feee0a4e6e02bb) Importer(815301076,1909f56bfc062723c751e8b465ee728b)  -> (artifact id: '040d26765d124b6cc1e7b9eb92d0ac9d') in 0.021221 seconds 
========================================================================
Received Import Request.
  Time since last request: 0.000021 seconds.
  path: Assets/!Assets/Sprites/Pipoya RPG Tileset 32x32/[A]_type1/[A]Dirt1_pipo.png
  artifactKey: Guid(34fad366cec93454fad075ab47db1b78) Importer(815301076,1909f56bfc062723c751e8b465ee728b)
Start importing Assets/!Assets/Sprites/Pipoya RPG Tileset 32x32/[A]_type1/[A]Dirt1_pipo.png using Guid(34fad366cec93454fad075ab47db1b78) Importer(815301076,1909f56bfc062723c751e8b465ee728b)  -> (artifact id: '3b2ddbe0e9f831a8dc11d4456d7bb741') in 0.019972 seconds 
========================================================================
Received Import Request.
  Time since last request: 0.000024 seconds.
  path: Assets/!Assets/Sprites/Pipoya RPG Tileset 32x32/[A]_type1/[A]Water2_pipo.png
  artifactKey: Guid(9eacfd1bc3f625845b5af67d24733229) Importer(815301076,1909f56bfc062723c751e8b465ee728b)
Start importing Assets/!Assets/Sprites/Pipoya RPG Tileset 32x32/[A]_type1/[A]Water2_pipo.png using Guid(9eacfd1bc3f625845b5af67d24733229) Importer(815301076,1909f56bfc062723c751e8b465ee728b)  -> (artifact id: '19101954ec5e0aa6c695c37534797bde') in 0.021854 seconds 
========================================================================
Received Import Request.
  Time since last request: 0.000024 seconds.
  path: Assets/!Assets/Sprites/Pipoya RPG Tileset 32x32/[A]_type1/[A]Water3_Cave1_pipo.png
  artifactKey: Guid(808829660fbd6f24ba82b714ce36de85) Importer(815301076,1909f56bfc062723c751e8b465ee728b)
Start importing Assets/!Assets/Sprites/Pipoya RPG Tileset 32x32/[A]_type1/[A]Water3_Cave1_pipo.png using Guid(808829660fbd6f24ba82b714ce36de85) Importer(815301076,1909f56bfc062723c751e8b465ee728b)  -> (artifact id: 'a2f81bc1a2194660a8a432fbfb2f5c2e') in 0.020815 seconds 
========================================================================
Received Import Request.
  Time since last request: 0.000023 seconds.
  path: Assets/!Assets/Sprites/Pipoya RPG Tileset 32x32/[A]_type1/[A]Wall-Up2_pipo.png
  artifactKey: Guid(50c400541e0169745a5a3e2e6ef29ece) Importer(815301076,1909f56bfc062723c751e8b465ee728b)
Start importing Assets/!Assets/Sprites/Pipoya RPG Tileset 32x32/[A]_type1/[A]Wall-Up2_pipo.png using Guid(50c400541e0169745a5a3e2e6ef29ece) Importer(815301076,1909f56bfc062723c751e8b465ee728b)  -> (artifact id: '08789193bfaf1a9a678baead0c15a3e5') in 0.017566 seconds 
========================================================================
Received Import Request.
  Time since last request: 0.000017 seconds.
  path: Assets/!Assets/Sprites/Pipoya RPG Tileset 32x32/[A]_type1/[A]WaterFall1_pipo.png
  artifactKey: Guid(ce77a4a34e74273468867fac55575f18) Importer(815301076,1909f56bfc062723c751e8b465ee728b)
Start importing Assets/!Assets/Sprites/Pipoya RPG Tileset 32x32/[A]_type1/[A]WaterFall1_pipo.png using Guid(ce77a4a34e74273468867fac55575f18) Importer(815301076,1909f56bfc062723c751e8b465ee728b)  -> (artifact id: 'ea14409db9de6172c9d5460416cd7544') in 0.024606 seconds 
========================================================================
Received Import Request.
  Time since last request: 0.000025 seconds.
  path: Assets/!Assets/Sprites/Pipoya RPG Tileset 32x32/[A]_type1/[A]Grass1-Dirt2_pipo.png
  artifactKey: Guid(7c4ac58577cb0a347bd9a5fff805d74e) Importer(815301076,1909f56bfc062723c751e8b465ee728b)
Start importing Assets/!Assets/Sprites/Pipoya RPG Tileset 32x32/[A]_type1/[A]Grass1-Dirt2_pipo.png using Guid(7c4ac58577cb0a347bd9a5fff805d74e) Importer(815301076,1909f56bfc062723c751e8b465ee728b)  -> (artifact id: '1ebc8860d0b14224f351cd2b0d3645f1') in 0.017030 seconds 
========================================================================
Received Import Request.
  Time since last request: 0.000025 seconds.
  path: Assets/!Assets/Sprites/Pipoya RPG Tileset 32x32/[A]_type1/[A]Dirt4_pipo.png
  artifactKey: Guid(6fee8e65f01afb840965008110cefa26) Importer(815301076,1909f56bfc062723c751e8b465ee728b)
Start importing Assets/!Assets/Sprites/Pipoya RPG Tileset 32x32/[A]_type1/[A]Dirt4_pipo.png using Guid(6fee8e65f01afb840965008110cefa26) Importer(815301076,1909f56bfc062723c751e8b465ee728b)  -> (artifact id: '36ba8d309769d7a9aab341d6527f0eef') in 0.016110 seconds 
========================================================================
Received Import Request.
  Time since last request: 0.000030 seconds.
  path: Assets/!Assets/Sprites/Pipoya RPG Tileset 32x32/[A]_type1/[A]Grass3_pipo.png
  artifactKey: Guid(fef92dfa7fbe30c40b1fe73b37ebc5a8) Importer(815301076,1909f56bfc062723c751e8b465ee728b)
Start importing Assets/!Assets/Sprites/Pipoya RPG Tileset 32x32/[A]_type1/[A]Grass3_pipo.png using Guid(fef92dfa7fbe30c40b1fe73b37ebc5a8) Importer(815301076,1909f56bfc062723c751e8b465ee728b)  -> (artifact id: '27fb3466d4e2747d73315c08f3f5c9df') in 0.016691 seconds 
========================================================================
Received Import Request.
  Time since last request: 0.000022 seconds.
  path: Assets/!Assets/Sprites/Pipoya RPG Tileset 32x32/[A]_type1/[A]LongGrass_pipo.png
  artifactKey: Guid(e2fb7c5f9ba3ff24f9795caa4ed69ea1) Importer(815301076,1909f56bfc062723c751e8b465ee728b)
Start importing Assets/!Assets/Sprites/Pipoya RPG Tileset 32x32/[A]_type1/[A]LongGrass_pipo.png using Guid(e2fb7c5f9ba3ff24f9795caa4ed69ea1) Importer(815301076,1909f56bfc062723c751e8b465ee728b)  -> (artifact id: 'c7204c27d5afb1a78cf9f55ed02b5c5c') in 0.016548 seconds 
========================================================================
Received Import Request.
  Time since last request: 0.000015 seconds.
  path: Assets/!Assets/Sprites/Pipoya RPG Tileset 32x32/[A]_type1/[A]Water6_pipo.png
  artifactKey: Guid(3590394eea1eeeb438b3e8c3936749f3) Importer(815301076,1909f56bfc062723c751e8b465ee728b)
Start importing Assets/!Assets/Sprites/Pipoya RPG Tileset 32x32/[A]_type1/[A]Water6_pipo.png using Guid(3590394eea1eeeb438b3e8c3936749f3) Importer(815301076,1909f56bfc062723c751e8b465ee728b)  -> (artifact id: 'd9f0301e7b053a8c43c5662339053058') in 0.020731 seconds 
========================================================================
Received Import Request.
  Time since last request: 0.000052 seconds.
  path: Assets/!Assets/Sprites/Pipoya RPG Tileset 32x32/[A]_type1/[A]Water5_pipo.png
  artifactKey: Guid(81da17f3ce5aa4e46903871ce9795f13) Importer(815301076,1909f56bfc062723c751e8b465ee728b)
Start importing Assets/!Assets/Sprites/Pipoya RPG Tileset 32x32/[A]_type1/[A]Water5_pipo.png using Guid(81da17f3ce5aa4e46903871ce9795f13) Importer(815301076,1909f56bfc062723c751e8b465ee728b)  -> (artifact id: '4aaa0c193d78f0a75a294dc2f1ee57f5') in 0.020110 seconds 
========================================================================
Received Import Request.
  Time since last request: 0.000023 seconds.
  path: Assets/!Assets/Sprites/Pipoya RPG Tileset 32x32/[A]_type1/[A]Wall-Up1_pipo.png
  artifactKey: Guid(255a0fb7400857a448a70cab1b90f9ae) Importer(815301076,1909f56bfc062723c751e8b465ee728b)
Start importing Assets/!Assets/Sprites/Pipoya RPG Tileset 32x32/[A]_type1/[A]Wall-Up1_pipo.png using Guid(255a0fb7400857a448a70cab1b90f9ae) Importer(815301076,1909f56bfc062723c751e8b465ee728b)  -> (artifact id: 'bbe7d33d21a561b5dcabe0d35615a75e') in 0.016421 seconds 
========================================================================
Received Import Request.
  Time since last request: 0.000020 seconds.
  path: Assets/!Assets/Sprites/Pipoya RPG Tileset 32x32/[A]_type1/[A]Grass1-Dirt4_pipo.png
  artifactKey: Guid(60c50f1f24c666d4f8a5805147ac94ca) Importer(815301076,1909f56bfc062723c751e8b465ee728b)
Start importing Assets/!Assets/Sprites/Pipoya RPG Tileset 32x32/[A]_type1/[A]Grass1-Dirt4_pipo.png using Guid(60c50f1f24c666d4f8a5805147ac94ca) Importer(815301076,1909f56bfc062723c751e8b465ee728b)  -> (artifact id: '51ce3a07e142bac689a9620b79c3b768') in 0.019690 seconds 
========================================================================
Received Import Request.
  Time since last request: 0.000021 seconds.
  path: Assets/!Assets/Sprites/Pipoya RPG Tileset 32x32/[A]_type1/[A]WaterFall3_pipo.png
  artifactKey: Guid(bc65bd4538c5b584e852b5172f7b5a96) Importer(815301076,1909f56bfc062723c751e8b465ee728b)
Start importing Assets/!Assets/Sprites/Pipoya RPG Tileset 32x32/[A]_type1/[A]WaterFall3_pipo.png using Guid(bc65bd4538c5b584e852b5172f7b5a96) Importer(815301076,1909f56bfc062723c751e8b465ee728b)  -> (artifact id: '1373694da42b86f802a1451d7d1cdb45') in 0.019761 seconds 
========================================================================
Received Import Request.
  Time since last request: 0.000031 seconds.
  path: Assets/!Assets/Sprites/Pipoya RPG Tileset 32x32/[A]_type1/[A]Water7_pipo.png
  artifactKey: Guid(0dadcb1e63b561c4fa6d2b73669956aa) Importer(815301076,1909f56bfc062723c751e8b465ee728b)
Start importing Assets/!Assets/Sprites/Pipoya RPG Tileset 32x32/[A]_type1/[A]Water7_pipo.png using Guid(0dadcb1e63b561c4fa6d2b73669956aa) Importer(815301076,1909f56bfc062723c751e8b465ee728b)  -> (artifact id: '248c8fdd3cc7447601847b4a64b8f1cf') in 0.025510 seconds 
========================================================================
Received Import Request.
  Time since last request: 6.042513 seconds.
  path: Assets/!Assets/Sprites/Pipoya RPG Tileset 32x32/[A]_type1/not_animation/[A]Water2_pipo.png
  artifactKey: Guid(ac490b4234eae724394318637872eca7) Importer(815301076,1909f56bfc062723c751e8b465ee728b)
Start importing Assets/!Assets/Sprites/Pipoya RPG Tileset 32x32/[A]_type1/not_animation/[A]Water2_pipo.png using Guid(ac490b4234eae724394318637872eca7) Importer(815301076,1909f56bfc062723c751e8b465ee728b)  -> (artifact id: 'e13681bba6219fb284d2cce204755230') in 0.022600 seconds 
========================================================================
Received Import Request.
  Time since last request: 0.000034 seconds.
  path: Assets/!Assets/Sprites/Pipoya RPG Tileset 32x32/[A]_type1/not_animation/[A]Water7_pipo.png
  artifactKey: Guid(658a660b9ddf36b44b16ee850f38f6d3) Importer(815301076,1909f56bfc062723c751e8b465ee728b)
Start importing Assets/!Assets/Sprites/Pipoya RPG Tileset 32x32/[A]_type1/not_animation/[A]Water7_pipo.png using Guid(658a660b9ddf36b44b16ee850f38f6d3) Importer(815301076,1909f56bfc062723c751e8b465ee728b)  -> (artifact id: '6879ee102fd98fa670692268d537caa4') in 0.023072 seconds 
========================================================================
Received Import Request.
  Time since last request: 0.000021 seconds.
  path: Assets/!Assets/Sprites/Pipoya RPG Tileset 32x32/[A]_type1/not_animation/[A]Water5_pipo.png
  artifactKey: Guid(61df187ee66df5341bda537a6b689756) Importer(815301076,1909f56bfc062723c751e8b465ee728b)
Start importing Assets/!Assets/Sprites/Pipoya RPG Tileset 32x32/[A]_type1/not_animation/[A]Water5_pipo.png using Guid(61df187ee66df5341bda537a6b689756) Importer(815301076,1909f56bfc062723c751e8b465ee728b)  -> (artifact id: '9bf408a81c381b1897944c721c479761') in 0.018218 seconds 
========================================================================
Received Import Request.
  Time since last request: 0.000029 seconds.
  path: Assets/!Assets/Sprites/Pipoya RPG Tileset 32x32/[A]_type1/not_animation/[A]WaterFall2_pipo.png
  artifactKey: Guid(f548b476770e19542b373fa90417a2c7) Importer(815301076,1909f56bfc062723c751e8b465ee728b)
Start importing Assets/!Assets/Sprites/Pipoya RPG Tileset 32x32/[A]_type1/not_animation/[A]WaterFall2_pipo.png using Guid(f548b476770e19542b373fa90417a2c7) Importer(815301076,1909f56bfc062723c751e8b465ee728b)  -> (artifact id: 'b44d7a52c6507052730d3fd234750992') in 0.018554 seconds 
========================================================================
Received Import Request.
  Time since last request: 0.000027 seconds.
  path: Assets/!Assets/Sprites/Pipoya RPG Tileset 32x32/[A]_type1/not_animation/[A]Water4_pipo.png
  artifactKey: Guid(7fdca5febe9a3d746a579aa9e6c54c8d) Importer(815301076,1909f56bfc062723c751e8b465ee728b)
Start importing Assets/!Assets/Sprites/Pipoya RPG Tileset 32x32/[A]_type1/not_animation/[A]Water4_pipo.png using Guid(7fdca5febe9a3d746a579aa9e6c54c8d) Importer(815301076,1909f56bfc062723c751e8b465ee728b)  -> (artifact id: '0e67c5bc0c1dfc177dcc51d5b76af84c') in 0.015991 seconds 
========================================================================
Received Import Request.
  Time since last request: 38.172569 seconds.
  path: Assets/!Assets/Sprites/Pipoya RPG World Tileset 48x48 40x40 32x32 for Tiled1/48x48/pipo-map001_at.png
  artifactKey: Guid(e67534c17d08e4f488988a8cafcd4b0f) Importer(815301076,1909f56bfc062723c751e8b465ee728b)
Start importing Assets/!Assets/Sprites/Pipoya RPG World Tileset 48x48 40x40 32x32 for Tiled1/48x48/pipo-map001_at.png using Guid(e67534c17d08e4f488988a8cafcd4b0f) Importer(815301076,1909f56bfc062723c751e8b465ee728b)  -> (artifact id: '119f628e090133f2c15beb96878a4940') in 0.101880 seconds 
========================================================================
Received Import Request.
  Time since last request: 19.838190 seconds.
  path: Assets/!Assets/Sprites/TilesetGrass/map2.png
  artifactKey: Guid(f315cd009cb85fe45aa3037521d505ab) Importer(815301076,1909f56bfc062723c751e8b465ee728b)
Start importing Assets/!Assets/Sprites/TilesetGrass/map2.png using Guid(f315cd009cb85fe45aa3037521d505ab) Importer(815301076,1909f56bfc062723c751e8b465ee728b)  -> (artifact id: '2ffa66f627488b143efc47725971fb64') in 0.074506 seconds 
========================================================================
Received Import Request.
  Time since last request: 42.002809 seconds.
  path: Assets/!Assets/Sprites/Pipoya RPG World Tileset 48x48 40x40 32x32/48x48/[A]_type3/pipo-map001_at-miti.png
  artifactKey: Guid(5856c88bba278ad46a40667e1867955c) Importer(815301076,1909f56bfc062723c751e8b465ee728b)
Start importing Assets/!Assets/Sprites/Pipoya RPG World Tileset 48x48 40x40 32x32/48x48/[A]_type3/pipo-map001_at-miti.png using Guid(5856c88bba278ad46a40667e1867955c) Importer(815301076,1909f56bfc062723c751e8b465ee728b)  -> (artifact id: 'a17967c4bf72e23f7825e50aad489050') in 0.027720 seconds 
========================================================================
Received Import Request.
  Time since last request: 0.000031 seconds.
  path: Assets/!Assets/Sprites/Pipoya RPG World Tileset 48x48 40x40 32x32/48x48/[A]_type3/pipo-map001_at-yama1.png
  artifactKey: Guid(3c639edff73c02c498edad7ead77e9c4) Importer(815301076,1909f56bfc062723c751e8b465ee728b)
Start importing Assets/!Assets/Sprites/Pipoya RPG World Tileset 48x48 40x40 32x32/48x48/[A]_type3/pipo-map001_at-yama1.png using Guid(3c639edff73c02c498edad7ead77e9c4) Importer(815301076,1909f56bfc062723c751e8b465ee728b)  -> (artifact id: '70f0952649881ddc959fed175177fcbc') in 0.025803 seconds 
========================================================================
Received Import Request.
  Time since last request: 0.000044 seconds.
  path: Assets/!Assets/Sprites/Pipoya RPG World Tileset 48x48 40x40 32x32/48x48/[A]_type3/pipo-map001_at-umi.png
  artifactKey: Guid(07022847d77946141b534b252f99fb39) Importer(815301076,1909f56bfc062723c751e8b465ee728b)
Start importing Assets/!Assets/Sprites/Pipoya RPG World Tileset 48x48 40x40 32x32/48x48/[A]_type3/pipo-map001_at-umi.png using Guid(07022847d77946141b534b252f99fb39) Importer(815301076,1909f56bfc062723c751e8b465ee728b)  -> (artifact id: 'fbad2d9a19bcdd055188ccf49ea77b67') in 0.027541 seconds 
========================================================================
Received Import Request.
  Time since last request: 44.841778 seconds.
  path: Assets/!Assets/Sprites/Pipoya RPG Tileset 32x32/SampleMap/[A]Flower_pipo.png
  artifactKey: Guid(f8710e3227daf614e9710348e90e7839) Importer(815301076,1909f56bfc062723c751e8b465ee728b)
Start importing Assets/!Assets/Sprites/Pipoya RPG Tileset 32x32/SampleMap/[A]Flower_pipo.png using Guid(f8710e3227daf614e9710348e90e7839) Importer(815301076,1909f56bfc062723c751e8b465ee728b)  -> (artifact id: 'e0cb2b108dd3c74a25173bf16b6c771d') in 0.028124 seconds 
========================================================================
Received Import Request.
  Time since last request: 0.000021 seconds.
  path: Assets/!Assets/Sprites/Pipoya RPG Tileset 32x32/SampleMap/[A]Water_pipo.png
  artifactKey: Guid(80b67eb4d5e5b5f4690d40c9bd0635d2) Importer(815301076,1909f56bfc062723c751e8b465ee728b)
Start importing Assets/!Assets/Sprites/Pipoya RPG Tileset 32x32/SampleMap/[A]Water_pipo.png using Guid(80b67eb4d5e5b5f4690d40c9bd0635d2) Importer(815301076,1909f56bfc062723c751e8b465ee728b)  -> (artifact id: 'b49934e351bb1378b2d7b3f1f3bd7f76') in 0.206236 seconds 
========================================================================
Received Import Request.
  Time since last request: 35.883796 seconds.
  path: Assets/!Assets/Sprites/Pipoya RPG World Tileset 48x48 40x40 32x32/32x32/[A]_type1/pipo-map001_at-miti.png
  artifactKey: Guid(54202cb506353dc4481621b22ee3e32a) Importer(815301076,1909f56bfc062723c751e8b465ee728b)
Start importing Assets/!Assets/Sprites/Pipoya RPG World Tileset 48x48 40x40 32x32/32x32/[A]_type1/pipo-map001_at-miti.png using Guid(54202cb506353dc4481621b22ee3e32a) Importer(815301076,1909f56bfc062723c751e8b465ee728b)  -> (artifact id: '910b2b837704dc2a08c1bf2938846eb4') in 0.046526 seconds 
========================================================================
Received Import Request.
  Time since last request: 0.000029 seconds.
  path: Assets/!Assets/Sprites/Pipoya RPG World Tileset 48x48 40x40 32x32/32x32/[A]_type1/pipo-map001_at-yama3.png
  artifactKey: Guid(40d2444b5e390144ab1e95973b3bfceb) Importer(815301076,1909f56bfc062723c751e8b465ee728b)
Start importing Assets/!Assets/Sprites/Pipoya RPG World Tileset 48x48 40x40 32x32/32x32/[A]_type1/pipo-map001_at-yama3.png using Guid(40d2444b5e390144ab1e95973b3bfceb) Importer(815301076,1909f56bfc062723c751e8b465ee728b)  -> (artifact id: 'b7789cc93853c3a245ab84ab6252c77b') in 0.018316 seconds 
========================================================================
Received Import Request.
  Time since last request: 0.000023 seconds.
  path: Assets/!Assets/Sprites/Pipoya RPG World Tileset 48x48 40x40 32x32/32x32/[A]_type1/pipo-map001_at-umi.png
  artifactKey: Guid(40ccfd0e231244c428cabcf87375d5f1) Importer(815301076,1909f56bfc062723c751e8b465ee728b)
Start importing Assets/!Assets/Sprites/Pipoya RPG World Tileset 48x48 40x40 32x32/32x32/[A]_type1/pipo-map001_at-umi.png using Guid(40ccfd0e231244c428cabcf87375d5f1) Importer(815301076,1909f56bfc062723c751e8b465ee728b)  -> (artifact id: 'd803def8fbce49af0b0ef4a118191e2f') in 0.016004 seconds 
========================================================================
Received Import Request.
  Time since last request: 9.721512 seconds.
  path: Assets/!Assets/Sprites/Pipoya RPG World Tileset 48x48 40x40 32x32 for Tiled1/32x32/pipo-map001_at.png
  artifactKey: Guid(4b898b61f23b349478f15e8cb1af0431) Importer(815301076,1909f56bfc062723c751e8b465ee728b)
Start importing Assets/!Assets/Sprites/Pipoya RPG World Tileset 48x48 40x40 32x32 for Tiled1/32x32/pipo-map001_at.png using Guid(4b898b61f23b349478f15e8cb1af0431) Importer(815301076,1909f56bfc062723c751e8b465ee728b)  -> (artifact id: '5838999251895fbce2d32909719cbbef') in 0.101985 seconds 
========================================================================
Received Import Request.
  Time since last request: 7.460026 seconds.
  path: Assets/!Assets/Sprites/Pipoya RPG World Tileset 48x48 40x40 32x32 for Tiled1/40x40/pipo-map001_at.png
  artifactKey: Guid(18b344c2e9a2eec4a9232ba907f8add3) Importer(815301076,1909f56bfc062723c751e8b465ee728b)
Start importing Assets/!Assets/Sprites/Pipoya RPG World Tileset 48x48 40x40 32x32 for Tiled1/40x40/pipo-map001_at.png using Guid(18b344c2e9a2eec4a9232ba907f8add3) Importer(815301076,1909f56bfc062723c751e8b465ee728b)  -> (artifact id: 'c838aac95a6d6fa3d788ca581450a0e5') in 0.062235 seconds 
========================================================================
Received Import Request.
  Time since last request: 1305.437620 seconds.
  path: Assets/!Assets/Sprites/Pipoya RPG Tileset 32x32/[A]_type2/[A]Dirt1-Dirt3_pipo.png
  artifactKey: Guid(8537ebfde2db68a49af101501dce5138) Importer(815301076,1909f56bfc062723c751e8b465ee728b)
Start importing Assets/!Assets/Sprites/Pipoya RPG Tileset 32x32/[A]_type2/[A]Dirt1-Dirt3_pipo.png using Guid(8537ebfde2db68a49af101501dce5138) Importer(815301076,1909f56bfc062723c751e8b465ee728b)  -> (artifact id: '2f0e4e9c5ed535df1299afaea6f1acbc') in 0.022424 seconds 
========================================================================
Received Import Request.
  Time since last request: 0.014225 seconds.
  path: Assets/!Assets/Sprites/Pipoya RPG Tileset 32x32/[A]_type2/[A]Dirt1-Dirt4_pipo.png
  artifactKey: Guid(61c8c84c5cdb53e4f9805bfa68fd0f2a) Importer(815301076,1909f56bfc062723c751e8b465ee728b)
Start importing Assets/!Assets/Sprites/Pipoya RPG Tileset 32x32/[A]_type2/[A]Dirt1-Dirt4_pipo.png using Guid(61c8c84c5cdb53e4f9805bfa68fd0f2a) Importer(815301076,1909f56bfc062723c751e8b465ee728b)  -> (artifact id: '717c5da78c2afbdab75eb78b2c995477') in 0.022515 seconds 
========================================================================
Received Import Request.
  Time since last request: 0.000029 seconds.
  path: Assets/!Assets/Sprites/Pipoya RPG Tileset 32x32/[A]_type2/[A]Grass1-Dirt2_pipo.png
  artifactKey: Guid(f7ef6234e63bbf24b9dfaaca1e9c3f70) Importer(815301076,1909f56bfc062723c751e8b465ee728b)
Start importing Assets/!Assets/Sprites/Pipoya RPG Tileset 32x32/[A]_type2/[A]Grass1-Dirt2_pipo.png using Guid(f7ef6234e63bbf24b9dfaaca1e9c3f70) Importer(815301076,1909f56bfc062723c751e8b465ee728b)  -> (artifact id: 'd78233a97d6f5987eb29f2b245571b47') in 0.021056 seconds 
========================================================================
Received Import Request.
  Time since last request: 0.000046 seconds.
  path: Assets/!Assets/Sprites/Pipoya RPG Tileset 32x32/[A]_type2/[A]Grass1-Dirt3_pipo.png
  artifactKey: Guid(bbe653ddfc759fb408a0969f06eeca89) Importer(815301076,1909f56bfc062723c751e8b465ee728b)
Start importing Assets/!Assets/Sprites/Pipoya RPG Tileset 32x32/[A]_type2/[A]Grass1-Dirt3_pipo.png using Guid(bbe653ddfc759fb408a0969f06eeca89) Importer(815301076,1909f56bfc062723c751e8b465ee728b)  -> (artifact id: 'd7a1899190d470efbf0edcfe9446a25b') in 0.019895 seconds 
========================================================================
Received Import Request.
  Time since last request: 0.000033 seconds.
  path: Assets/!Assets/Sprites/Pipoya RPG Tileset 32x32/[A]_type2/[A]Grass4_pipo.png
  artifactKey: Guid(edf0025443c7c194e8323201faf341c8) Importer(815301076,1909f56bfc062723c751e8b465ee728b)
Start importing Assets/!Assets/Sprites/Pipoya RPG Tileset 32x32/[A]_type2/[A]Grass4_pipo.png using Guid(edf0025443c7c194e8323201faf341c8) Importer(815301076,1909f56bfc062723c751e8b465ee728b)  -> (artifact id: 'bac4fef63583d00df64d042b515ef3b6') in 0.022786 seconds 
========================================================================
Received Import Request.
  Time since last request: 0.000026 seconds.
  path: Assets/!Assets/Sprites/Pipoya RPG Tileset 32x32/[A]_type2/[A]Grass1_pipo.png
  artifactKey: Guid(13db5e972ab43384ba30555fff37abdf) Importer(815301076,1909f56bfc062723c751e8b465ee728b)
Start importing Assets/!Assets/Sprites/Pipoya RPG Tileset 32x32/[A]_type2/[A]Grass1_pipo.png using Guid(13db5e972ab43384ba30555fff37abdf) Importer(815301076,1909f56bfc062723c751e8b465ee728b)  -> (artifact id: '5f209eca9a3e74c16c36a83e44be53dd') in 0.019263 seconds 
========================================================================
Received Import Request.
  Time since last request: 0.000023 seconds.
  path: Assets/!Assets/Sprites/Pipoya RPG Tileset 32x32/[A]_type2/[A]Water6_pipo.png
  artifactKey: Guid(237160b1b61e02f4b988fbdc2275f7ea) Importer(815301076,1909f56bfc062723c751e8b465ee728b)
Start importing Assets/!Assets/Sprites/Pipoya RPG Tileset 32x32/[A]_type2/[A]Water6_pipo.png using Guid(237160b1b61e02f4b988fbdc2275f7ea) Importer(815301076,1909f56bfc062723c751e8b465ee728b)  -> (artifact id: '54de171cc40e990e5a38ec9509b1909a') in 0.021667 seconds 
========================================================================
Received Import Request.
  Time since last request: 0.000031 seconds.
  path: Assets/!Assets/Sprites/Pipoya RPG Tileset 32x32/[A]_type2/[A]WaterFall3_pipo.png
  artifactKey: Guid(2249a7623dbf0ee45877813d5f09973b) Importer(815301076,1909f56bfc062723c751e8b465ee728b)
Start importing Assets/!Assets/Sprites/Pipoya RPG Tileset 32x32/[A]_type2/[A]WaterFall3_pipo.png using Guid(2249a7623dbf0ee45877813d5f09973b) Importer(815301076,1909f56bfc062723c751e8b465ee728b)  -> (artifact id: '37c00a91e81cfb6c152e77f8d7f20a40') in 0.021189 seconds 
========================================================================
Received Import Request.
  Time since last request: 0.000037 seconds.
  path: Assets/!Assets/Sprites/Pipoya RPG Tileset 32x32/[A]_type2/[A]Water5_pipo.png
  artifactKey: Guid(5d7bbb404e3f8b446bab268df204d39f) Importer(815301076,1909f56bfc062723c751e8b465ee728b)
Start importing Assets/!Assets/Sprites/Pipoya RPG Tileset 32x32/[A]_type2/[A]Water5_pipo.png using Guid(5d7bbb404e3f8b446bab268df204d39f) Importer(815301076,1909f56bfc062723c751e8b465ee728b)  -> (artifact id: '657febd924e43935027d67e40e2f817f') in 0.020769 seconds 
========================================================================
Received Import Request.
  Time since last request: 0.000027 seconds.
  path: Assets/!Assets/Sprites/Pipoya RPG Tileset 32x32/[A]_type2/[A]Grass1-Grass2_pipo.png
  artifactKey: Guid(fb401c6cf6f56eb41b00e1bda78a60c3) Importer(815301076,1909f56bfc062723c751e8b465ee728b)
Start importing Assets/!Assets/Sprites/Pipoya RPG Tileset 32x32/[A]_type2/[A]Grass1-Grass2_pipo.png using Guid(fb401c6cf6f56eb41b00e1bda78a60c3) Importer(815301076,1909f56bfc062723c751e8b465ee728b)  -> (artifact id: '2964d6026a432b35633d2acaf03b313d') in 0.018997 seconds 
========================================================================
Received Import Request.
  Time since last request: 0.000023 seconds.
  path: Assets/!Assets/Sprites/Pipoya RPG Tileset 32x32/[A]_type2/[A]Dirt4_pipo.png
  artifactKey: Guid(0a5476bfcb624394fa9c50d500a94205) Importer(815301076,1909f56bfc062723c751e8b465ee728b)
Start importing Assets/!Assets/Sprites/Pipoya RPG Tileset 32x32/[A]_type2/[A]Dirt4_pipo.png using Guid(0a5476bfcb624394fa9c50d500a94205) Importer(815301076,1909f56bfc062723c751e8b465ee728b)  -> (artifact id: 'e2b5c51155bad43556934a0e63fa8193') in 0.017855 seconds 
========================================================================
Received Import Request.
  Time since last request: 0.000028 seconds.
  path: Assets/!Assets/Sprites/Pipoya RPG Tileset 32x32/[A]_type2/[A]Water2_pipo.png
  artifactKey: Guid(ebe3011f47ce1bb45bb97c81d863aee0) Importer(815301076,1909f56bfc062723c751e8b465ee728b)
Start importing Assets/!Assets/Sprites/Pipoya RPG Tileset 32x32/[A]_type2/[A]Water2_pipo.png using Guid(ebe3011f47ce1bb45bb97c81d863aee0) Importer(815301076,1909f56bfc062723c751e8b465ee728b)  -> (artifact id: 'aeb1377f859f6aaeb61c9c3880a869fb') in 0.019182 seconds 
========================================================================
Received Import Request.
  Time since last request: 0.000032 seconds.
  path: Assets/!Assets/Sprites/Pipoya RPG Tileset 32x32/[A]_type2/[A]Dirt3_pipo.png
  artifactKey: Guid(ec17b47fd6612784bb59bd9b988400ae) Importer(815301076,1909f56bfc062723c751e8b465ee728b)
Start importing Assets/!Assets/Sprites/Pipoya RPG Tileset 32x32/[A]_type2/[A]Dirt3_pipo.png using Guid(ec17b47fd6612784bb59bd9b988400ae) Importer(815301076,1909f56bfc062723c751e8b465ee728b)  -> (artifact id: '5cecf3c9624db8e6d3807a7d7bc45065') in 0.017020 seconds 
========================================================================
Received Import Request.
  Time since last request: 0.000031 seconds.
  path: Assets/!Assets/Sprites/Pipoya RPG Tileset 32x32/[A]_type2/[A]Water3_pipo.png
  artifactKey: Guid(0dc35e5e15e7cc348920d3955c3b291d) Importer(815301076,1909f56bfc062723c751e8b465ee728b)
Start importing Assets/!Assets/Sprites/Pipoya RPG Tileset 32x32/[A]_type2/[A]Water3_pipo.png using Guid(0dc35e5e15e7cc348920d3955c3b291d) Importer(815301076,1909f56bfc062723c751e8b465ee728b)  -> (artifact id: '45c710b1ddaad1be35ce18451dd22eaf') in 0.019186 seconds 
========================================================================
Received Import Request.
  Time since last request: 0.000026 seconds.
  path: Assets/!Assets/Sprites/Pipoya RPG Tileset 32x32/[A]_type2/[A]Dirt2_pipo.png
  artifactKey: Guid(22a975f284bd29143b1d159afdc04cf1) Importer(815301076,1909f56bfc062723c751e8b465ee728b)
Start importing Assets/!Assets/Sprites/Pipoya RPG Tileset 32x32/[A]_type2/[A]Dirt2_pipo.png using Guid(22a975f284bd29143b1d159afdc04cf1) Importer(815301076,1909f56bfc062723c751e8b465ee728b)  -> (artifact id: 'c16889d645ded5aa3d741481a1f7a1c0') in 0.018272 seconds 
========================================================================
Received Import Request.
  Time since last request: 0.000027 seconds.
  path: Assets/!Assets/Sprites/Pipoya RPG Tileset 32x32/[A]_type2/[A]Water4_pipo.png
  artifactKey: Guid(c836f0b7617ecf945aa3d4e783ebe0d9) Importer(815301076,1909f56bfc062723c751e8b465ee728b)
Start importing Assets/!Assets/Sprites/Pipoya RPG Tileset 32x32/[A]_type2/[A]Water4_pipo.png using Guid(c836f0b7617ecf945aa3d4e783ebe0d9) Importer(815301076,1909f56bfc062723c751e8b465ee728b)  -> (artifact id: '5919ea615aa221738ba04fba5a07402a') in 0.017814 seconds 
========================================================================
Received Import Request.
  Time since last request: 0.000030 seconds.
  path: Assets/!Assets/Sprites/Pipoya RPG Tileset 32x32/[A]_type2/[A]Water7_pipo.png
  artifactKey: Guid(bec3706681d9aa84aae1f3a536b99dc0) Importer(815301076,1909f56bfc062723c751e8b465ee728b)
Start importing Assets/!Assets/Sprites/Pipoya RPG Tileset 32x32/[A]_type2/[A]Water7_pipo.png using Guid(bec3706681d9aa84aae1f3a536b99dc0) Importer(815301076,1909f56bfc062723c751e8b465ee728b)  -> (artifact id: '9e958fdfa37020134b6b3f90aa3b6080') in 0.017938 seconds 
